<?xml version="1.0" encoding="UTF-8"?>
<!-- Generated by org.testng.reporters.JUnitReportReporter -->
<testsuite skipped="0" hostname="Parvez-Home" name="search.TestSearch" tests="1" failures="0" timestamp="22 Feb 2018 02:57:22 GMT" time="18.377" errors="0">
  <testcase name="searchItemsTest" time="18.377" classname="search.TestSearch"/>
</testsuite> <!-- search.TestSearch -->
