<?xml version="1.0" encoding="UTF-8"?>
<!-- Generated by org.testng.reporters.JUnitReportReporter -->
<testsuite skipped="0" hostname="Parvez-Home" name="home.SearchMenu" tests="1" failures="0" timestamp="21 Feb 2018 05:24:40 GMT" time="9.549" errors="0">
  <testcase name="test1" time="9.549" classname="home.SearchMenu"/>
</testsuite> <!-- home.SearchMenu -->
