<?xml version="1.0" encoding="UTF-8"?>
<!-- Generated by org.testng.reporters.JUnitReportReporter -->
<testsuite skipped="0" hostname="Parvez-Home" name="home.SearchMenu" tests="1" failures="0" timestamp="22 Feb 2018 02:57:22 GMT" time="25.196" errors="0">
  <testcase name="test1" time="25.196" classname="home.SearchMenu"/>
</testsuite> <!-- home.SearchMenu -->
