<?xml version="1.0" encoding="UTF-8"?>
<!-- Generated by org.testng.reporters.JUnitReportReporter -->
<testsuite skipped="0" hostname="Parvez-Home" name="home.TestDropDownMenu" tests="1" failures="0" timestamp="20 Feb 2018 04:19:05 GMT" time="15.689" errors="0">
  <testcase name="menus" time="15.689" classname="home.TestDropDownMenu"/>
</testsuite> <!-- home.TestDropDownMenu -->
