<?xml version="1.0" encoding="UTF-8"?>
<!-- Generated by org.testng.reporters.JUnitReportReporter -->
<testsuite skipped="0" hostname="Parvez-Home" name="search.DropDownMenuSearch" tests="1" failures="0" timestamp="24 Mar 2018 00:09:38 GMT" time="34.972" errors="0">
  <testcase name="test" time="34.972" classname="search.DropDownMenuSearch"/>
</testsuite> <!-- search.DropDownMenuSearch -->
