<?xml version="1.0" encoding="UTF-8"?>
<!-- Generated by org.testng.reporters.JUnitReportReporter -->
<testsuite skipped="0" hostname="Parvez-Home" name="search.DropDownMenuSearch" tests="1" failures="0" timestamp="28 Feb 2018 18:13:44 GMT" time="31.505" errors="0">
  <testcase name="test" time="31.505" classname="search.DropDownMenuSearch"/>
</testsuite> <!-- search.DropDownMenuSearch -->
