<?xml version="1.0" encoding="UTF-8"?>
<!-- Generated by org.testng.reporters.JUnitReportReporter -->
<testsuite skipped="0" hostname="Parvez-Home" name="search.TestSearch" tests="1" failures="0" timestamp="23 Feb 2018 03:48:56 GMT" time="43.076" errors="0">
  <testcase name="searchItemsTest" time="43.076" classname="search.TestSearch"/>
</testsuite> <!-- search.TestSearch -->
