<?xml version="1.0" encoding="UTF-8"?>
<!-- Generated by org.testng.reporters.JUnitReportReporter -->
<testsuite skipped="0" hostname="Parvez-Home" name="home.SearchMenu" tests="1" failures="0" timestamp="21 Feb 2018 06:12:53 GMT" time="10.191" errors="0">
  <testcase name="test1" time="10.191" classname="home.SearchMenu"/>
</testsuite> <!-- home.SearchMenu -->
