<?xml version="1.0" encoding="UTF-8"?>
<!-- Generated by org.testng.reporters.JUnitReportReporter -->
<testsuite skipped="0" hostname="Parvez-Home" name="search.TestSearch" tests="1" failures="0" timestamp="21 Feb 2018 06:12:53 GMT" time="20.985" errors="0">
  <testcase name="searchItemsTest" time="20.985" classname="search.TestSearch"/>
</testsuite> <!-- search.TestSearch -->
