<?xml version="1.0" encoding="UTF-8"?>
<!-- Generated by org.testng.reporters.JUnitReportReporter -->
<testsuite skipped="0" hostname="Parvez-Home" name="home.SearchMenu" tests="1" failures="0" timestamp="23 Feb 2018 03:48:56 GMT" time="12.478" errors="0">
  <testcase name="test1" time="12.478" classname="home.SearchMenu"/>
</testsuite> <!-- home.SearchMenu -->
