<?xml version="1.0" encoding="UTF-8"?>
<!-- Generated by org.testng.reporters.JUnitReportReporter -->
<testsuite skipped="0" hostname="Parvez-Home" name="home.TestHome" tests="1" failures="0" timestamp="21 Feb 2018 05:08:32 GMT" time="11.334" errors="0">
  <testcase name="test1" time="11.334" classname="home.TestHome"/>
</testsuite> <!-- home.TestHome -->
