<?xml version="1.0" encoding="UTF-8"?>
<!-- Generated by org.testng.reporters.JUnitReportReporter -->
<testsuite skipped="0" hostname="Parvez-Home" name="home.TestHome" tests="1" failures="0" timestamp="22 Feb 2018 02:57:37 GMT" time="10.156" errors="0">
  <testcase name="test1" time="10.156" classname="home.TestHome"/>
</testsuite> <!-- home.TestHome -->
